[INFO ] 2024-12-09 16:29:15.423 [main]  c.e.r.ReceitasApplication - Starting ReceitasApplication using Java 17.0.12 with PID 20508 (C:\Users\Eloy_\OneDrive\Desktop\receitas\receitas\target\classes started by Eloy_ in C:\Users\Eloy_\OneDrive\Desktop\receitas\receitas)
[INFO ] 2024-12-09 16:29:15.468 [main]  c.e.r.ReceitasApplication - No active profile set, falling back to 1 default profile: "default"
[INFO ] 2024-12-09 16:29:16.758 [main]  o.s.d.r.c.RepositoryConfigurationDelegate - Bootstrapping Spring Data JPA repositories in DEFAULT mode.
[INFO ] 2024-12-09 16:29:16.849 [main]  o.s.d.r.c.RepositoryConfigurationDelegate - Finished Spring Data repository scanning in 77 ms. Found 3 JPA repository interfaces.
[INFO ] 2024-12-09 16:29:17.978 [main]  o.s.b.w.e.t.TomcatWebServer - Tomcat initialized with port 8080 (http)
[INFO ] 2024-12-09 16:29:18.005 [main]  o.a.c.c.StandardService - Starting service [Tomcat]
[INFO ] 2024-12-09 16:29:18.006 [main]  o.a.c.c.StandardEngine - Starting Servlet engine: [Apache Tomcat/10.1.30]
[INFO ] 2024-12-09 16:29:18.144 [main]  o.a.c.c.C.[.[.[/] - Initializing Spring embedded WebApplicationContext
[INFO ] 2024-12-09 16:29:18.147 [main]  o.s.b.w.s.c.ServletWebServerApplicationContext - Root WebApplicationContext: initialization completed in 2585 ms
[INFO ] 2024-12-09 16:29:19.166 [main]  o.h.j.i.u.LogHelper - HHH000204: Processing PersistenceUnitInfo [name: default]
[INFO ] 2024-12-09 16:29:19.350 [main]  o.h.Version - HHH000412: Hibernate ORM core version 6.5.3.Final
[INFO ] 2024-12-09 16:29:19.427 [main]  o.h.c.i.RegionFactoryInitiator - HHH000026: Second-level cache disabled
[INFO ] 2024-12-09 16:29:19.950 [main]  o.s.o.j.p.SpringPersistenceUnitInfo - No LoadTimeWeaver setup: ignoring JPA class transformer
[INFO ] 2024-12-09 16:29:20.060 [main]  c.z.h.HikariDataSource - HikariPool-1 - Starting...
[WARN ] 2024-12-09 16:29:21.227 [main]  o.h.e.j.s.SqlExceptionHelper - SQL Error: 0, SQLState: 08S01
[ERROR] 2024-12-09 16:29:21.227 [main]  o.h.e.j.s.SqlExceptionHelper - Communications link failure

The last packet sent successfully to the server was 0 milliseconds ago. The driver has not received any packets from the server.
[WARN ] 2024-12-09 16:29:21.227 [main]  o.h.e.j.e.i.JdbcEnvironmentInitiator - HHH000342: Could not obtain connection to query metadata
org.hibernate.exception.JDBCConnectionException: unable to obtain isolated JDBC connection [Communications link failure

The last packet sent successfully to the server was 0 milliseconds ago. The driver has not received any packets from the server.] [n/a]
	at org.hibernate.exception.internal.SQLStateConversionDelegate.convert(SQLStateConversionDelegate.java:100)
	at org.hibernate.exception.internal.StandardSQLExceptionConverter.convert(StandardSQLExceptionConverter.java:58)
	at org.hibernate.engine.jdbc.spi.SqlExceptionHelper.convert(SqlExceptionHelper.java:108)
	at org.hibernate.engine.jdbc.spi.SqlExceptionHelper.convert(SqlExceptionHelper.java:94)
	at org.hibernate.resource.transaction.backend.jdbc.internal.JdbcIsolationDelegate.delegateWork(JdbcIsolationDelegate.java:116)
	at org.hibernate.engine.jdbc.env.internal.JdbcEnvironmentInitiator.getJdbcEnvironmentUsingJdbcMetadata(JdbcEnvironmentInitiator.java:292)
	at org.hibernate.engine.jdbc.env.internal.JdbcEnvironmentInitiator.initiateService(JdbcEnvironmentInitiator.java:124)
	at org.hibernate.engine.jdbc.env.internal.JdbcEnvironmentInitiator.initiateService(JdbcEnvironmentInitiator.java:78)
	at org.hibernate.boot.registry.internal.StandardServiceRegistryImpl.initiateService(StandardServiceRegistryImpl.java:130)
	at org.hibernate.service.internal.AbstractServiceRegistryImpl.createService(AbstractServiceRegistryImpl.java:263)
	at org.hibernate.service.internal.AbstractServiceRegistryImpl.initializeService(AbstractServiceRegistryImpl.java:238)
	at org.hibernate.service.internal.AbstractServiceRegistryImpl.getService(AbstractServiceRegistryImpl.java:215)
	at org.hibernate.boot.model.relational.Database.<init>(Database.java:45)
	at org.hibernate.boot.internal.InFlightMetadataCollectorImpl.getDatabase(InFlightMetadataCollectorImpl.java:221)
	at org.hibernate.boot.internal.InFlightMetadataCollectorImpl.<init>(InFlightMetadataCollectorImpl.java:189)
	at org.hibernate.boot.model.process.spi.MetadataBuildingProcess.complete(MetadataBuildingProcess.java:171)
	at org.hibernate.jpa.boot.internal.EntityManagerFactoryBuilderImpl.metadata(EntityManagerFactoryBuilderImpl.java:1431)
	at org.hibernate.jpa.boot.internal.EntityManagerFactoryBuilderImpl.build(EntityManagerFactoryBuilderImpl.java:1502)
	at org.springframework.orm.jpa.vendor.SpringHibernateJpaPersistenceProvider.createContainerEntityManagerFactory(SpringHibernateJpaPersistenceProvider.java:75)
	at org.springframework.orm.jpa.LocalContainerEntityManagerFactoryBean.createNativeEntityManagerFactory(LocalContainerEntityManagerFactoryBean.java:390)
	at org.springframework.orm.jpa.AbstractEntityManagerFactoryBean.buildNativeEntityManagerFactory(AbstractEntityManagerFactoryBean.java:409)
	at org.springframework.orm.jpa.AbstractEntityManagerFactoryBean.afterPropertiesSet(AbstractEntityManagerFactoryBean.java:396)
	at org.springframework.orm.jpa.LocalContainerEntityManagerFactoryBean.afterPropertiesSet(LocalContainerEntityManagerFactoryBean.java:366)
	at org.springframework.beans.factory.support.AbstractAutowireCapableBeanFactory.invokeInitMethods(AbstractAutowireCapableBeanFactory.java:1853)
	at org.springframework.beans.factory.support.AbstractAutowireCapableBeanFactory.initializeBean(AbstractAutowireCapableBeanFactory.java:1802)
	at org.springframework.beans.factory.support.AbstractAutowireCapableBeanFactory.doCreateBean(AbstractAutowireCapableBeanFactory.java:600)
	at org.springframework.beans.factory.support.AbstractAutowireCapableBeanFactory.createBean(AbstractAutowireCapableBeanFactory.java:522)
	at org.springframework.beans.factory.support.AbstractBeanFactory.lambda$doGetBean$0(AbstractBeanFactory.java:337)
	at org.springframework.beans.factory.support.DefaultSingletonBeanRegistry.getSingleton(DefaultSingletonBeanRegistry.java:234)
	at org.springframework.beans.factory.support.AbstractBeanFactory.doGetBean(AbstractBeanFactory.java:335)
	at org.springframework.beans.factory.support.AbstractBeanFactory.getBean(AbstractBeanFactory.java:205)
	at org.springframework.context.support.AbstractApplicationContext.finishBeanFactoryInitialization(AbstractApplicationContext.java:954)
	at org.springframework.context.support.AbstractApplicationContext.refresh(AbstractApplicationContext.java:625)
	at org.springframework.boot.web.servlet.context.ServletWebServerApplicationContext.refresh(ServletWebServerApplicationContext.java:146)
	at org.springframework.boot.SpringApplication.refresh(SpringApplication.java:754)
	at org.springframework.boot.SpringApplication.refreshContext(SpringApplication.java:456)
	at org.springframework.boot.SpringApplication.run(SpringApplication.java:335)
	at org.springframework.boot.SpringApplication.run(SpringApplication.java:1363)
	at org.springframework.boot.SpringApplication.run(SpringApplication.java:1352)
	at com.eloi_daw_receitas.receitas.ReceitasApplication.main(ReceitasApplication.java:10)
Caused by: com.mysql.cj.jdbc.exceptions.CommunicationsException: Communications link failure

The last packet sent successfully to the server was 0 milliseconds ago. The driver has not received any packets from the server.
	at com.mysql.cj.jdbc.exceptions.SQLError.createCommunicationsException(SQLError.java:174)
	at com.mysql.cj.jdbc.exceptions.SQLExceptionsMapping.translateException(SQLExceptionsMapping.java:64)
	at com.mysql.cj.jdbc.ConnectionImpl.createNewIO(ConnectionImpl.java:815)
	at com.mysql.cj.jdbc.ConnectionImpl.<init>(ConnectionImpl.java:438)
	at com.mysql.cj.jdbc.ConnectionImpl.getInstance(ConnectionImpl.java:241)
	at com.mysql.cj.jdbc.NonRegisteringDriver.connect(NonRegisteringDriver.java:189)
	at com.zaxxer.hikari.util.DriverDataSource.getConnection(DriverDataSource.java:137)
	at com.zaxxer.hikari.pool.PoolBase.newConnection(PoolBase.java:360)
	at com.zaxxer.hikari.pool.PoolBase.newPoolEntry(PoolBase.java:202)
	at com.zaxxer.hikari.pool.HikariPool.createPoolEntry(HikariPool.java:461)
	at com.zaxxer.hikari.pool.HikariPool.checkFailFast(HikariPool.java:550)
	at com.zaxxer.hikari.pool.HikariPool.<init>(HikariPool.java:98)
	at com.zaxxer.hikari.HikariDataSource.getConnection(HikariDataSource.java:111)
	at org.hibernate.engine.jdbc.connections.internal.DatasourceConnectionProviderImpl.getConnection(DatasourceConnectionProviderImpl.java:122)
	at org.hibernate.engine.jdbc.env.internal.JdbcEnvironmentInitiator$ConnectionProviderJdbcConnectionAccess.obtainConnection(JdbcEnvironmentInitiator.java:439)
	at org.hibernate.resource.transaction.backend.jdbc.internal.JdbcIsolationDelegate.delegateWork(JdbcIsolationDelegate.java:61)
	... 35 common frames omitted
Caused by: com.mysql.cj.exceptions.CJCommunicationsException: Communications link failure

The last packet sent successfully to the server was 0 milliseconds ago. The driver has not received any packets from the server.
	at java.base/jdk.internal.reflect.NativeConstructorAccessorImpl.newInstance0(Native Method)
	at java.base/jdk.internal.reflect.NativeConstructorAccessorImpl.newInstance(NativeConstructorAccessorImpl.java:77)
	at java.base/jdk.internal.reflect.DelegatingConstructorAccessorImpl.newInstance(DelegatingConstructorAccessorImpl.java:45)
	at java.base/java.lang.reflect.Constructor.newInstanceWithCaller(Constructor.java:500)
	at java.base/java.lang.reflect.Constructor.newInstance(Constructor.java:481)
	at com.mysql.cj.exceptions.ExceptionFactory.createException(ExceptionFactory.java:61)
	at com.mysql.cj.exceptions.ExceptionFactory.createException(ExceptionFactory.java:104)
	at com.mysql.cj.exceptions.ExceptionFactory.createException(ExceptionFactory.java:149)
	at com.mysql.cj.exceptions.ExceptionFactory.createCommunicationsException(ExceptionFactory.java:165)
	at com.mysql.cj.protocol.a.NativeSocketConnection.connect(NativeSocketConnection.java:88)
	at com.mysql.cj.NativeSession.connect(NativeSession.java:120)
	at com.mysql.cj.jdbc.ConnectionImpl.connectOneTryOnly(ConnectionImpl.java:935)
	at com.mysql.cj.jdbc.ConnectionImpl.createNewIO(ConnectionImpl.java:805)
	... 48 common frames omitted
Caused by: java.net.ConnectException: Connection refused: getsockopt
	at java.base/sun.nio.ch.Net.pollConnect(Native Method)
	at java.base/sun.nio.ch.Net.pollConnectNow(Net.java:672)
	at java.base/sun.nio.ch.NioSocketImpl.timedFinishConnect(NioSocketImpl.java:547)
	at java.base/sun.nio.ch.NioSocketImpl.connect(NioSocketImpl.java:602)
	at java.base/java.net.SocksSocketImpl.connect(SocksSocketImpl.java:327)
	at java.base/java.net.Socket.connect(Socket.java:633)
	at com.mysql.cj.protocol.StandardSocketFactory.connect(StandardSocketFactory.java:153)
	at com.mysql.cj.protocol.a.NativeSocketConnection.connect(NativeSocketConnection.java:62)
	... 51 common frames omitted
[ERROR] 2024-12-09 16:29:21.238 [main]  o.s.o.j.LocalContainerEntityManagerFactoryBean - Failed to initialize JPA EntityManagerFactory: Unable to create requested service [org.hibernate.engine.jdbc.env.spi.JdbcEnvironment] due to: Unable to determine Dialect without JDBC metadata (please set 'jakarta.persistence.jdbc.url' for common cases or 'hibernate.dialect' when a custom Dialect implementation must be provided)
[WARN ] 2024-12-09 16:29:21.238 [main]  o.s.b.w.s.c.AnnotationConfigServletWebServerApplicationContext - Exception encountered during context initialization - cancelling refresh attempt: org.springframework.beans.factory.BeanCreationException: Error creating bean with name 'entityManagerFactory' defined in class path resource [org/springframework/boot/autoconfigure/orm/jpa/HibernateJpaConfiguration.class]: Unable to create requested service [org.hibernate.engine.jdbc.env.spi.JdbcEnvironment] due to: Unable to determine Dialect without JDBC metadata (please set 'jakarta.persistence.jdbc.url' for common cases or 'hibernate.dialect' when a custom Dialect implementation must be provided)
[INFO ] 2024-12-09 16:29:21.243 [main]  o.a.c.c.StandardService - Stopping service [Tomcat]
[INFO ] 2024-12-09 16:29:21.260 [main]  o.s.b.a.l.ConditionEvaluationReportLogger - 

Error starting ApplicationContext. To display the condition evaluation report re-run your application with 'debug' enabled.
[ERROR] 2024-12-09 16:29:21.288 [main]  o.s.b.SpringApplication - Application run failed
org.springframework.beans.factory.BeanCreationException: Error creating bean with name 'entityManagerFactory' defined in class path resource [org/springframework/boot/autoconfigure/orm/jpa/HibernateJpaConfiguration.class]: Unable to create requested service [org.hibernate.engine.jdbc.env.spi.JdbcEnvironment] due to: Unable to determine Dialect without JDBC metadata (please set 'jakarta.persistence.jdbc.url' for common cases or 'hibernate.dialect' when a custom Dialect implementation must be provided)
	at org.springframework.beans.factory.support.AbstractAutowireCapableBeanFactory.initializeBean(AbstractAutowireCapableBeanFactory.java:1806)
	at org.springframework.beans.factory.support.AbstractAutowireCapableBeanFactory.doCreateBean(AbstractAutowireCapableBeanFactory.java:600)
	at org.springframework.beans.factory.support.AbstractAutowireCapableBeanFactory.createBean(AbstractAutowireCapableBeanFactory.java:522)
	at org.springframework.beans.factory.support.AbstractBeanFactory.lambda$doGetBean$0(AbstractBeanFactory.java:337)
	at org.springframework.beans.factory.support.DefaultSingletonBeanRegistry.getSingleton(DefaultSingletonBeanRegistry.java:234)
	at org.springframework.beans.factory.support.AbstractBeanFactory.doGetBean(AbstractBeanFactory.java:335)
	at org.springframework.beans.factory.support.AbstractBeanFactory.getBean(AbstractBeanFactory.java:205)
	at org.springframework.context.support.AbstractApplicationContext.finishBeanFactoryInitialization(AbstractApplicationContext.java:954)
	at org.springframework.context.support.AbstractApplicationContext.refresh(AbstractApplicationContext.java:625)
	at org.springframework.boot.web.servlet.context.ServletWebServerApplicationContext.refresh(ServletWebServerApplicationContext.java:146)
	at org.springframework.boot.SpringApplication.refresh(SpringApplication.java:754)
	at org.springframework.boot.SpringApplication.refreshContext(SpringApplication.java:456)
	at org.springframework.boot.SpringApplication.run(SpringApplication.java:335)
	at org.springframework.boot.SpringApplication.run(SpringApplication.java:1363)
	at org.springframework.boot.SpringApplication.run(SpringApplication.java:1352)
	at com.eloi_daw_receitas.receitas.ReceitasApplication.main(ReceitasApplication.java:10)
Caused by: org.hibernate.service.spi.ServiceException: Unable to create requested service [org.hibernate.engine.jdbc.env.spi.JdbcEnvironment] due to: Unable to determine Dialect without JDBC metadata (please set 'jakarta.persistence.jdbc.url' for common cases or 'hibernate.dialect' when a custom Dialect implementation must be provided)
	at org.hibernate.service.internal.AbstractServiceRegistryImpl.createService(AbstractServiceRegistryImpl.java:276)
	at org.hibernate.service.internal.AbstractServiceRegistryImpl.initializeService(AbstractServiceRegistryImpl.java:238)
	at org.hibernate.service.internal.AbstractServiceRegistryImpl.getService(AbstractServiceRegistryImpl.java:215)
	at org.hibernate.boot.model.relational.Database.<init>(Database.java:45)
	at org.hibernate.boot.internal.InFlightMetadataCollectorImpl.getDatabase(InFlightMetadataCollectorImpl.java:221)
	at org.hibernate.boot.internal.InFlightMetadataCollectorImpl.<init>(InFlightMetadataCollectorImpl.java:189)
	at org.hibernate.boot.model.process.spi.MetadataBuildingProcess.complete(MetadataBuildingProcess.java:171)
	at org.hibernate.jpa.boot.internal.EntityManagerFactoryBuilderImpl.metadata(EntityManagerFactoryBuilderImpl.java:1431)
	at org.hibernate.jpa.boot.internal.EntityManagerFactoryBuilderImpl.build(EntityManagerFactoryBuilderImpl.java:1502)
	at org.springframework.orm.jpa.vendor.SpringHibernateJpaPersistenceProvider.createContainerEntityManagerFactory(SpringHibernateJpaPersistenceProvider.java:75)
	at org.springframework.orm.jpa.LocalContainerEntityManagerFactoryBean.createNativeEntityManagerFactory(LocalContainerEntityManagerFactoryBean.java:390)
	at org.springframework.orm.jpa.AbstractEntityManagerFactoryBean.buildNativeEntityManagerFactory(AbstractEntityManagerFactoryBean.java:409)
	at org.springframework.orm.jpa.AbstractEntityManagerFactoryBean.afterPropertiesSet(AbstractEntityManagerFactoryBean.java:396)
	at org.springframework.orm.jpa.LocalContainerEntityManagerFactoryBean.afterPropertiesSet(LocalContainerEntityManagerFactoryBean.java:366)
	at org.springframework.beans.factory.support.AbstractAutowireCapableBeanFactory.invokeInitMethods(AbstractAutowireCapableBeanFactory.java:1853)
	at org.springframework.beans.factory.support.AbstractAutowireCapableBeanFactory.initializeBean(AbstractAutowireCapableBeanFactory.java:1802)
	... 15 common frames omitted
Caused by: org.hibernate.HibernateException: Unable to determine Dialect without JDBC metadata (please set 'jakarta.persistence.jdbc.url' for common cases or 'hibernate.dialect' when a custom Dialect implementation must be provided)
	at org.hibernate.engine.jdbc.dialect.internal.DialectFactoryImpl.determineDialect(DialectFactoryImpl.java:191)
	at org.hibernate.engine.jdbc.dialect.internal.DialectFactoryImpl.buildDialect(DialectFactoryImpl.java:87)
	at org.hibernate.engine.jdbc.env.internal.JdbcEnvironmentInitiator.getJdbcEnvironmentWithDefaults(JdbcEnvironmentInitiator.java:153)
	at org.hibernate.engine.jdbc.env.internal.JdbcEnvironmentInitiator.getJdbcEnvironmentUsingJdbcMetadata(JdbcEnvironmentInitiator.java:364)
	at org.hibernate.engine.jdbc.env.internal.JdbcEnvironmentInitiator.initiateService(JdbcEnvironmentInitiator.java:124)
	at org.hibernate.engine.jdbc.env.internal.JdbcEnvironmentInitiator.initiateService(JdbcEnvironmentInitiator.java:78)
	at org.hibernate.boot.registry.internal.StandardServiceRegistryImpl.initiateService(StandardServiceRegistryImpl.java:130)
	at org.hibernate.service.internal.AbstractServiceRegistryImpl.createService(AbstractServiceRegistryImpl.java:263)
	... 30 common frames omitted
[INFO ] 2024-12-09 16:30:53.667 [main]  c.e.r.ReceitasApplication - Starting ReceitasApplication using Java 17.0.12 with PID 19240 (C:\Users\Eloy_\OneDrive\Desktop\receitas\receitas\target\classes started by Eloy_ in C:\Users\Eloy_\OneDrive\Desktop\receitas\receitas)
[INFO ] 2024-12-09 16:30:53.690 [main]  c.e.r.ReceitasApplication - No active profile set, falling back to 1 default profile: "default"
[INFO ] 2024-12-09 16:30:54.522 [main]  o.s.d.r.c.RepositoryConfigurationDelegate - Bootstrapping Spring Data JPA repositories in DEFAULT mode.
[INFO ] 2024-12-09 16:30:54.638 [main]  o.s.d.r.c.RepositoryConfigurationDelegate - Finished Spring Data repository scanning in 95 ms. Found 3 JPA repository interfaces.
[INFO ] 2024-12-09 16:30:55.364 [main]  o.s.b.w.e.t.TomcatWebServer - Tomcat initialized with port 8080 (http)
[INFO ] 2024-12-09 16:30:55.370 [main]  o.a.c.c.StandardService - Starting service [Tomcat]
[INFO ] 2024-12-09 16:30:55.370 [main]  o.a.c.c.StandardEngine - Starting Servlet engine: [Apache Tomcat/10.1.30]
[INFO ] 2024-12-09 16:30:55.480 [main]  o.a.c.c.C.[.[.[/] - Initializing Spring embedded WebApplicationContext
[INFO ] 2024-12-09 16:30:55.480 [main]  o.s.b.w.s.c.ServletWebServerApplicationContext - Root WebApplicationContext: initialization completed in 1750 ms
[INFO ] 2024-12-09 16:30:55.715 [main]  o.h.j.i.u.LogHelper - HHH000204: Processing PersistenceUnitInfo [name: default]
[INFO ] 2024-12-09 16:30:55.871 [main]  o.h.Version - HHH000412: Hibernate ORM core version 6.5.3.Final
[INFO ] 2024-12-09 16:30:55.938 [main]  o.h.c.i.RegionFactoryInitiator - HHH000026: Second-level cache disabled
[INFO ] 2024-12-09 16:30:56.424 [main]  o.s.o.j.p.SpringPersistenceUnitInfo - No LoadTimeWeaver setup: ignoring JPA class transformer
[INFO ] 2024-12-09 16:30:56.488 [main]  c.z.h.HikariDataSource - HikariPool-1 - Starting...
[WARN ] 2024-12-09 16:30:57.621 [main]  o.h.e.j.s.SqlExceptionHelper - SQL Error: 0, SQLState: 08S01
[ERROR] 2024-12-09 16:30:57.621 [main]  o.h.e.j.s.SqlExceptionHelper - Communications link failure

The last packet sent successfully to the server was 0 milliseconds ago. The driver has not received any packets from the server.
[WARN ] 2024-12-09 16:30:57.621 [main]  o.h.e.j.e.i.JdbcEnvironmentInitiator - HHH000342: Could not obtain connection to query metadata
org.hibernate.exception.JDBCConnectionException: unable to obtain isolated JDBC connection [Communications link failure

The last packet sent successfully to the server was 0 milliseconds ago. The driver has not received any packets from the server.] [n/a]
	at org.hibernate.exception.internal.SQLStateConversionDelegate.convert(SQLStateConversionDelegate.java:100)
	at org.hibernate.exception.internal.StandardSQLExceptionConverter.convert(StandardSQLExceptionConverter.java:58)
	at org.hibernate.engine.jdbc.spi.SqlExceptionHelper.convert(SqlExceptionHelper.java:108)
	at org.hibernate.engine.jdbc.spi.SqlExceptionHelper.convert(SqlExceptionHelper.java:94)
	at org.hibernate.resource.transaction.backend.jdbc.internal.JdbcIsolationDelegate.delegateWork(JdbcIsolationDelegate.java:116)
	at org.hibernate.engine.jdbc.env.internal.JdbcEnvironmentInitiator.getJdbcEnvironmentUsingJdbcMetadata(JdbcEnvironmentInitiator.java:292)
	at org.hibernate.engine.jdbc.env.internal.JdbcEnvironmentInitiator.initiateService(JdbcEnvironmentInitiator.java:124)
	at org.hibernate.engine.jdbc.env.internal.JdbcEnvironmentInitiator.initiateService(JdbcEnvironmentInitiator.java:78)
	at org.hibernate.boot.registry.internal.StandardServiceRegistryImpl.initiateService(StandardServiceRegistryImpl.java:130)
	at org.hibernate.service.internal.AbstractServiceRegistryImpl.createService(AbstractServiceRegistryImpl.java:263)
	at org.hibernate.service.internal.AbstractServiceRegistryImpl.initializeService(AbstractServiceRegistryImpl.java:238)
	at org.hibernate.service.internal.AbstractServiceRegistryImpl.getService(AbstractServiceRegistryImpl.java:215)
	at org.hibernate.boot.model.relational.Database.<init>(Database.java:45)
	at org.hibernate.boot.internal.InFlightMetadataCollectorImpl.getDatabase(InFlightMetadataCollectorImpl.java:221)
	at org.hibernate.boot.internal.InFlightMetadataCollectorImpl.<init>(InFlightMetadataCollectorImpl.java:189)
	at org.hibernate.boot.model.process.spi.MetadataBuildingProcess.complete(MetadataBuildingProcess.java:171)
	at org.hibernate.jpa.boot.internal.EntityManagerFactoryBuilderImpl.metadata(EntityManagerFactoryBuilderImpl.java:1431)
	at org.hibernate.jpa.boot.internal.EntityManagerFactoryBuilderImpl.build(EntityManagerFactoryBuilderImpl.java:1502)
	at org.springframework.orm.jpa.vendor.SpringHibernateJpaPersistenceProvider.createContainerEntityManagerFactory(SpringHibernateJpaPersistenceProvider.java:75)
	at org.springframework.orm.jpa.LocalContainerEntityManagerFactoryBean.createNativeEntityManagerFactory(LocalContainerEntityManagerFactoryBean.java:390)
	at org.springframework.orm.jpa.AbstractEntityManagerFactoryBean.buildNativeEntityManagerFactory(AbstractEntityManagerFactoryBean.java:409)
	at org.springframework.orm.jpa.AbstractEntityManagerFactoryBean.afterPropertiesSet(AbstractEntityManagerFactoryBean.java:396)
	at org.springframework.orm.jpa.LocalContainerEntityManagerFactoryBean.afterPropertiesSet(LocalContainerEntityManagerFactoryBean.java:366)
	at org.springframework.beans.factory.support.AbstractAutowireCapableBeanFactory.invokeInitMethods(AbstractAutowireCapableBeanFactory.java:1853)
	at org.springframework.beans.factory.support.AbstractAutowireCapableBeanFactory.initializeBean(AbstractAutowireCapableBeanFactory.java:1802)
	at org.springframework.beans.factory.support.AbstractAutowireCapableBeanFactory.doCreateBean(AbstractAutowireCapableBeanFactory.java:600)
	at org.springframework.beans.factory.support.AbstractAutowireCapableBeanFactory.createBean(AbstractAutowireCapableBeanFactory.java:522)
	at org.springframework.beans.factory.support.AbstractBeanFactory.lambda$doGetBean$0(AbstractBeanFactory.java:337)
	at org.springframework.beans.factory.support.DefaultSingletonBeanRegistry.getSingleton(DefaultSingletonBeanRegistry.java:234)
	at org.springframework.beans.factory.support.AbstractBeanFactory.doGetBean(AbstractBeanFactory.java:335)
	at org.springframework.beans.factory.support.AbstractBeanFactory.getBean(AbstractBeanFactory.java:205)
	at org.springframework.context.support.AbstractApplicationContext.finishBeanFactoryInitialization(AbstractApplicationContext.java:954)
	at org.springframework.context.support.AbstractApplicationContext.refresh(AbstractApplicationContext.java:625)
	at org.springframework.boot.web.servlet.context.ServletWebServerApplicationContext.refresh(ServletWebServerApplicationContext.java:146)
	at org.springframework.boot.SpringApplication.refresh(SpringApplication.java:754)
	at org.springframework.boot.SpringApplication.refreshContext(SpringApplication.java:456)
	at org.springframework.boot.SpringApplication.run(SpringApplication.java:335)
	at org.springframework.boot.SpringApplication.run(SpringApplication.java:1363)
	at org.springframework.boot.SpringApplication.run(SpringApplication.java:1352)
	at com.eloi_daw_receitas.receitas.ReceitasApplication.main(ReceitasApplication.java:10)
Caused by: com.mysql.cj.jdbc.exceptions.CommunicationsException: Communications link failure

The last packet sent successfully to the server was 0 milliseconds ago. The driver has not received any packets from the server.
	at com.mysql.cj.jdbc.exceptions.SQLError.createCommunicationsException(SQLError.java:174)
	at com.mysql.cj.jdbc.exceptions.SQLExceptionsMapping.translateException(SQLExceptionsMapping.java:64)
	at com.mysql.cj.jdbc.ConnectionImpl.createNewIO(ConnectionImpl.java:815)
	at com.mysql.cj.jdbc.ConnectionImpl.<init>(ConnectionImpl.java:438)
	at com.mysql.cj.jdbc.ConnectionImpl.getInstance(ConnectionImpl.java:241)
	at com.mysql.cj.jdbc.NonRegisteringDriver.connect(NonRegisteringDriver.java:189)
	at com.zaxxer.hikari.util.DriverDataSource.getConnection(DriverDataSource.java:137)
	at com.zaxxer.hikari.pool.PoolBase.newConnection(PoolBase.java:360)
	at com.zaxxer.hikari.pool.PoolBase.newPoolEntry(PoolBase.java:202)
	at com.zaxxer.hikari.pool.HikariPool.createPoolEntry(HikariPool.java:461)
	at com.zaxxer.hikari.pool.HikariPool.checkFailFast(HikariPool.java:550)
	at com.zaxxer.hikari.pool.HikariPool.<init>(HikariPool.java:98)
	at com.zaxxer.hikari.HikariDataSource.getConnection(HikariDataSource.java:111)
	at org.hibernate.engine.jdbc.connections.internal.DatasourceConnectionProviderImpl.getConnection(DatasourceConnectionProviderImpl.java:122)
	at org.hibernate.engine.jdbc.env.internal.JdbcEnvironmentInitiator$ConnectionProviderJdbcConnectionAccess.obtainConnection(JdbcEnvironmentInitiator.java:439)
	at org.hibernate.resource.transaction.backend.jdbc.internal.JdbcIsolationDelegate.delegateWork(JdbcIsolationDelegate.java:61)
	... 35 common frames omitted
Caused by: com.mysql.cj.exceptions.CJCommunicationsException: Communications link failure

The last packet sent successfully to the server was 0 milliseconds ago. The driver has not received any packets from the server.
	at java.base/jdk.internal.reflect.NativeConstructorAccessorImpl.newInstance0(Native Method)
	at java.base/jdk.internal.reflect.NativeConstructorAccessorImpl.newInstance(NativeConstructorAccessorImpl.java:77)
	at java.base/jdk.internal.reflect.DelegatingConstructorAccessorImpl.newInstance(DelegatingConstructorAccessorImpl.java:45)
	at java.base/java.lang.reflect.Constructor.newInstanceWithCaller(Constructor.java:500)
	at java.base/java.lang.reflect.Constructor.newInstance(Constructor.java:481)
	at com.mysql.cj.exceptions.ExceptionFactory.createException(ExceptionFactory.java:61)
	at com.mysql.cj.exceptions.ExceptionFactory.createException(ExceptionFactory.java:104)
	at com.mysql.cj.exceptions.ExceptionFactory.createException(ExceptionFactory.java:149)
	at com.mysql.cj.exceptions.ExceptionFactory.createCommunicationsException(ExceptionFactory.java:165)
	at com.mysql.cj.protocol.a.NativeSocketConnection.connect(NativeSocketConnection.java:88)
	at com.mysql.cj.NativeSession.connect(NativeSession.java:120)
	at com.mysql.cj.jdbc.ConnectionImpl.connectOneTryOnly(ConnectionImpl.java:935)
	at com.mysql.cj.jdbc.ConnectionImpl.createNewIO(ConnectionImpl.java:805)
	... 48 common frames omitted
Caused by: java.net.ConnectException: Connection refused: getsockopt
	at java.base/sun.nio.ch.Net.pollConnect(Native Method)
	at java.base/sun.nio.ch.Net.pollConnectNow(Net.java:672)
	at java.base/sun.nio.ch.NioSocketImpl.timedFinishConnect(NioSocketImpl.java:547)
	at java.base/sun.nio.ch.NioSocketImpl.connect(NioSocketImpl.java:602)
	at java.base/java.net.SocksSocketImpl.connect(SocksSocketImpl.java:327)
	at java.base/java.net.Socket.connect(Socket.java:633)
	at com.mysql.cj.protocol.StandardSocketFactory.connect(StandardSocketFactory.java:153)
	at com.mysql.cj.protocol.a.NativeSocketConnection.connect(NativeSocketConnection.java:62)
	... 51 common frames omitted
[ERROR] 2024-12-09 16:30:57.634 [main]  o.s.o.j.LocalContainerEntityManagerFactoryBean - Failed to initialize JPA EntityManagerFactory: Unable to create requested service [org.hibernate.engine.jdbc.env.spi.JdbcEnvironment] due to: Unable to determine Dialect without JDBC metadata (please set 'jakarta.persistence.jdbc.url' for common cases or 'hibernate.dialect' when a custom Dialect implementation must be provided)
[WARN ] 2024-12-09 16:30:57.638 [main]  o.s.b.w.s.c.AnnotationConfigServletWebServerApplicationContext - Exception encountered during context initialization - cancelling refresh attempt: org.springframework.beans.factory.BeanCreationException: Error creating bean with name 'entityManagerFactory' defined in class path resource [org/springframework/boot/autoconfigure/orm/jpa/HibernateJpaConfiguration.class]: Unable to create requested service [org.hibernate.engine.jdbc.env.spi.JdbcEnvironment] due to: Unable to determine Dialect without JDBC metadata (please set 'jakarta.persistence.jdbc.url' for common cases or 'hibernate.dialect' when a custom Dialect implementation must be provided)
[INFO ] 2024-12-09 16:30:57.644 [main]  o.a.c.c.StandardService - Stopping service [Tomcat]
[INFO ] 2024-12-09 16:30:57.663 [main]  o.s.b.a.l.ConditionEvaluationReportLogger - 

Error starting ApplicationContext. To display the condition evaluation report re-run your application with 'debug' enabled.
[ERROR] 2024-12-09 16:30:57.695 [main]  o.s.b.SpringApplication - Application run failed
org.springframework.beans.factory.BeanCreationException: Error creating bean with name 'entityManagerFactory' defined in class path resource [org/springframework/boot/autoconfigure/orm/jpa/HibernateJpaConfiguration.class]: Unable to create requested service [org.hibernate.engine.jdbc.env.spi.JdbcEnvironment] due to: Unable to determine Dialect without JDBC metadata (please set 'jakarta.persistence.jdbc.url' for common cases or 'hibernate.dialect' when a custom Dialect implementation must be provided)
	at org.springframework.beans.factory.support.AbstractAutowireCapableBeanFactory.initializeBean(AbstractAutowireCapableBeanFactory.java:1806)
	at org.springframework.beans.factory.support.AbstractAutowireCapableBeanFactory.doCreateBean(AbstractAutowireCapableBeanFactory.java:600)
	at org.springframework.beans.factory.support.AbstractAutowireCapableBeanFactory.createBean(AbstractAutowireCapableBeanFactory.java:522)
	at org.springframework.beans.factory.support.AbstractBeanFactory.lambda$doGetBean$0(AbstractBeanFactory.java:337)
	at org.springframework.beans.factory.support.DefaultSingletonBeanRegistry.getSingleton(DefaultSingletonBeanRegistry.java:234)
	at org.springframework.beans.factory.support.AbstractBeanFactory.doGetBean(AbstractBeanFactory.java:335)
	at org.springframework.beans.factory.support.AbstractBeanFactory.getBean(AbstractBeanFactory.java:205)
	at org.springframework.context.support.AbstractApplicationContext.finishBeanFactoryInitialization(AbstractApplicationContext.java:954)
	at org.springframework.context.support.AbstractApplicationContext.refresh(AbstractApplicationContext.java:625)
	at org.springframework.boot.web.servlet.context.ServletWebServerApplicationContext.refresh(ServletWebServerApplicationContext.java:146)
	at org.springframework.boot.SpringApplication.refresh(SpringApplication.java:754)
	at org.springframework.boot.SpringApplication.refreshContext(SpringApplication.java:456)
	at org.springframework.boot.SpringApplication.run(SpringApplication.java:335)
	at org.springframework.boot.SpringApplication.run(SpringApplication.java:1363)
	at org.springframework.boot.SpringApplication.run(SpringApplication.java:1352)
	at com.eloi_daw_receitas.receitas.ReceitasApplication.main(ReceitasApplication.java:10)
Caused by: org.hibernate.service.spi.ServiceException: Unable to create requested service [org.hibernate.engine.jdbc.env.spi.JdbcEnvironment] due to: Unable to determine Dialect without JDBC metadata (please set 'jakarta.persistence.jdbc.url' for common cases or 'hibernate.dialect' when a custom Dialect implementation must be provided)
	at org.hibernate.service.internal.AbstractServiceRegistryImpl.createService(AbstractServiceRegistryImpl.java:276)
	at org.hibernate.service.internal.AbstractServiceRegistryImpl.initializeService(AbstractServiceRegistryImpl.java:238)
	at org.hibernate.service.internal.AbstractServiceRegistryImpl.getService(AbstractServiceRegistryImpl.java:215)
	at org.hibernate.boot.model.relational.Database.<init>(Database.java:45)
	at org.hibernate.boot.internal.InFlightMetadataCollectorImpl.getDatabase(InFlightMetadataCollectorImpl.java:221)
	at org.hibernate.boot.internal.InFlightMetadataCollectorImpl.<init>(InFlightMetadataCollectorImpl.java:189)
	at org.hibernate.boot.model.process.spi.MetadataBuildingProcess.complete(MetadataBuildingProcess.java:171)
	at org.hibernate.jpa.boot.internal.EntityManagerFactoryBuilderImpl.metadata(EntityManagerFactoryBuilderImpl.java:1431)
	at org.hibernate.jpa.boot.internal.EntityManagerFactoryBuilderImpl.build(EntityManagerFactoryBuilderImpl.java:1502)
	at org.springframework.orm.jpa.vendor.SpringHibernateJpaPersistenceProvider.createContainerEntityManagerFactory(SpringHibernateJpaPersistenceProvider.java:75)
	at org.springframework.orm.jpa.LocalContainerEntityManagerFactoryBean.createNativeEntityManagerFactory(LocalContainerEntityManagerFactoryBean.java:390)
	at org.springframework.orm.jpa.AbstractEntityManagerFactoryBean.buildNativeEntityManagerFactory(AbstractEntityManagerFactoryBean.java:409)
	at org.springframework.orm.jpa.AbstractEntityManagerFactoryBean.afterPropertiesSet(AbstractEntityManagerFactoryBean.java:396)
	at org.springframework.orm.jpa.LocalContainerEntityManagerFactoryBean.afterPropertiesSet(LocalContainerEntityManagerFactoryBean.java:366)
	at org.springframework.beans.factory.support.AbstractAutowireCapableBeanFactory.invokeInitMethods(AbstractAutowireCapableBeanFactory.java:1853)
	at org.springframework.beans.factory.support.AbstractAutowireCapableBeanFactory.initializeBean(AbstractAutowireCapableBeanFactory.java:1802)
	... 15 common frames omitted
Caused by: org.hibernate.HibernateException: Unable to determine Dialect without JDBC metadata (please set 'jakarta.persistence.jdbc.url' for common cases or 'hibernate.dialect' when a custom Dialect implementation must be provided)
	at org.hibernate.engine.jdbc.dialect.internal.DialectFactoryImpl.determineDialect(DialectFactoryImpl.java:191)
	at org.hibernate.engine.jdbc.dialect.internal.DialectFactoryImpl.buildDialect(DialectFactoryImpl.java:87)
	at org.hibernate.engine.jdbc.env.internal.JdbcEnvironmentInitiator.getJdbcEnvironmentWithDefaults(JdbcEnvironmentInitiator.java:153)
	at org.hibernate.engine.jdbc.env.internal.JdbcEnvironmentInitiator.getJdbcEnvironmentUsingJdbcMetadata(JdbcEnvironmentInitiator.java:364)
	at org.hibernate.engine.jdbc.env.internal.JdbcEnvironmentInitiator.initiateService(JdbcEnvironmentInitiator.java:124)
	at org.hibernate.engine.jdbc.env.internal.JdbcEnvironmentInitiator.initiateService(JdbcEnvironmentInitiator.java:78)
	at org.hibernate.boot.registry.internal.StandardServiceRegistryImpl.initiateService(StandardServiceRegistryImpl.java:130)
	at org.hibernate.service.internal.AbstractServiceRegistryImpl.createService(AbstractServiceRegistryImpl.java:263)
	... 30 common frames omitted
[INFO ] 2024-12-09 16:31:47.070 [main]  c.e.r.ReceitasApplication - Starting ReceitasApplication using Java 17.0.12 with PID 17184 (C:\Users\Eloy_\OneDrive\Desktop\receitas\receitas\target\classes started by Eloy_ in C:\Users\Eloy_\OneDrive\Desktop\receitas\receitas)
[INFO ] 2024-12-09 16:31:47.083 [main]  c.e.r.ReceitasApplication - No active profile set, falling back to 1 default profile: "default"
[INFO ] 2024-12-09 16:31:48.050 [main]  o.s.d.r.c.RepositoryConfigurationDelegate - Bootstrapping Spring Data JPA repositories in DEFAULT mode.
[INFO ] 2024-12-09 16:31:48.136 [main]  o.s.d.r.c.RepositoryConfigurationDelegate - Finished Spring Data repository scanning in 80 ms. Found 3 JPA repository interfaces.
[INFO ] 2024-12-09 16:31:48.765 [main]  o.s.b.w.e.t.TomcatWebServer - Tomcat initialized with port 8080 (http)
[INFO ] 2024-12-09 16:31:48.782 [main]  o.a.c.c.StandardService - Starting service [Tomcat]
[INFO ] 2024-12-09 16:31:48.782 [main]  o.a.c.c.StandardEngine - Starting Servlet engine: [Apache Tomcat/10.1.30]
[INFO ] 2024-12-09 16:31:48.872 [main]  o.a.c.c.C.[.[.[/] - Initializing Spring embedded WebApplicationContext
[INFO ] 2024-12-09 16:31:48.872 [main]  o.s.b.w.s.c.ServletWebServerApplicationContext - Root WebApplicationContext: initialization completed in 1740 ms
[INFO ] 2024-12-09 16:31:49.086 [main]  o.h.j.i.u.LogHelper - HHH000204: Processing PersistenceUnitInfo [name: default]
[INFO ] 2024-12-09 16:31:49.158 [main]  o.h.Version - HHH000412: Hibernate ORM core version 6.5.3.Final
[INFO ] 2024-12-09 16:31:49.204 [main]  o.h.c.i.RegionFactoryInitiator - HHH000026: Second-level cache disabled
[INFO ] 2024-12-09 16:31:49.553 [main]  o.s.o.j.p.SpringPersistenceUnitInfo - No LoadTimeWeaver setup: ignoring JPA class transformer
[INFO ] 2024-12-09 16:31:49.596 [main]  c.z.h.HikariDataSource - HikariPool-1 - Starting...
[INFO ] 2024-12-09 16:31:49.816 [main]  c.z.h.p.HikariPool - HikariPool-1 - Added connection com.mysql.cj.jdbc.ConnectionImpl@186f7434
[INFO ] 2024-12-09 16:31:49.816 [main]  c.z.h.HikariDataSource - HikariPool-1 - Start completed.
[WARN ] 2024-12-09 16:31:49.923 [main]  o.h.d.Dialect - HHH000511: The 5.5.5 version for [org.hibernate.dialect.MySQLDialect] is no longer supported, hence certain features may not work properly. The minimum supported version is 8.0.0. Check the community dialects project for available legacy versions.
[INFO ] 2024-12-09 16:31:51.137 [main]  o.h.e.t.j.p.i.JtaPlatformInitiator - HHH000489: No JTA platform available (set 'hibernate.transaction.jta.platform' to enable JTA platform integration)
[INFO ] 2024-12-09 16:31:51.331 [main]  o.s.o.j.LocalContainerEntityManagerFactoryBean - Initialized JPA EntityManagerFactory for persistence unit 'default'
[WARN ] 2024-12-09 16:31:51.952 [main]  o.s.b.a.o.j.JpaBaseConfiguration$JpaWebConfiguration - spring.jpa.open-in-view is enabled by default. Therefore, database queries may be performed during view rendering. Explicitly configure spring.jpa.open-in-view to disable this warning
[INFO ] 2024-12-09 16:31:51.990 [main]  o.s.s.c.a.a.c.InitializeUserDetailsBeanManagerConfigurer$InitializeUserDetailsManagerConfigurer - Global AuthenticationManager configured with UserDetailsService bean with name customUserDetailsService
[INFO ] 2024-12-09 16:31:52.133 [main]  o.s.b.a.w.s.WelcomePageHandlerMapping - Adding welcome page: class path resource [static/index.html]
[INFO ] 2024-12-09 16:31:52.881 [main]  o.s.b.w.e.t.TomcatWebServer - Tomcat started on port 8080 (http) with context path '/'
[INFO ] 2024-12-09 16:31:52.892 [main]  c.e.r.ReceitasApplication - Started ReceitasApplication in 6.288 seconds (process running for 7.522)
[INFO ] 2024-12-09 16:32:00.961 [http-nio-8080-exec-1]  o.a.c.c.C.[.[.[/] - Initializing Spring DispatcherServlet 'dispatcherServlet'
[INFO ] 2024-12-09 16:32:00.961 [http-nio-8080-exec-1]  o.s.w.s.DispatcherServlet - Initializing Servlet 'dispatcherServlet'
[INFO ] 2024-12-09 16:32:00.961 [http-nio-8080-exec-1]  o.s.w.s.DispatcherServlet - Completed initialization in 0 ms
[WARN ] 2024-12-09 16:32:35.330 [http-nio-8080-exec-7]  o.h.e.j.s.SqlExceptionHelper - SQL Error: 1062, SQLState: 23000
[ERROR] 2024-12-09 16:32:35.330 [http-nio-8080-exec-7]  o.h.e.j.s.SqlExceptionHelper - Duplicate entry 'Rebe' for key 'nickname'
[INFO ] 2024-12-09 16:32:35.377 [http-nio-8080-exec-7]  c.e.r.c.UsuarioController - Error al registrar un usuario
[INFO ] 2024-12-09 16:35:03.599 [http-nio-8080-exec-10]  c.e.r.c.UsuarioController - Usuario anonymousUser logueado
[INFO ] 2024-12-09 16:43:50.761 [main]  c.e.r.ReceitasApplication - Starting ReceitasApplication using Java 17.0.12 with PID 3256 (C:\Users\Eloy_\OneDrive\Desktop\receitas\receitas\target\classes started by Eloy_ in C:\Users\Eloy_\OneDrive\Desktop\receitas\receitas)
[INFO ] 2024-12-09 16:43:50.804 [main]  c.e.r.ReceitasApplication - No active profile set, falling back to 1 default profile: "default"
[INFO ] 2024-12-09 16:43:51.758 [main]  o.s.d.r.c.RepositoryConfigurationDelegate - Bootstrapping Spring Data JPA repositories in DEFAULT mode.
[INFO ] 2024-12-09 16:43:51.856 [main]  o.s.d.r.c.RepositoryConfigurationDelegate - Finished Spring Data repository scanning in 89 ms. Found 3 JPA repository interfaces.
[INFO ] 2024-12-09 16:43:52.620 [main]  o.s.b.w.e.t.TomcatWebServer - Tomcat initialized with port 8080 (http)
[INFO ] 2024-12-09 16:43:52.641 [main]  o.a.c.c.StandardService - Starting service [Tomcat]
[INFO ] 2024-12-09 16:43:52.641 [main]  o.a.c.c.StandardEngine - Starting Servlet engine: [Apache Tomcat/10.1.30]
[INFO ] 2024-12-09 16:43:52.762 [main]  o.a.c.c.C.[.[.[/] - Initializing Spring embedded WebApplicationContext
[INFO ] 2024-12-09 16:43:52.762 [main]  o.s.b.w.s.c.ServletWebServerApplicationContext - Root WebApplicationContext: initialization completed in 1883 ms
[INFO ] 2024-12-09 16:43:53.048 [main]  o.h.j.i.u.LogHelper - HHH000204: Processing PersistenceUnitInfo [name: default]
[INFO ] 2024-12-09 16:43:53.187 [main]  o.h.Version - HHH000412: Hibernate ORM core version 6.5.3.Final
[INFO ] 2024-12-09 16:43:53.250 [main]  o.h.c.i.RegionFactoryInitiator - HHH000026: Second-level cache disabled
[INFO ] 2024-12-09 16:43:53.670 [main]  o.s.o.j.p.SpringPersistenceUnitInfo - No LoadTimeWeaver setup: ignoring JPA class transformer
[INFO ] 2024-12-09 16:43:53.730 [main]  c.z.h.HikariDataSource - HikariPool-1 - Starting...
[INFO ] 2024-12-09 16:43:53.952 [main]  c.z.h.p.HikariPool - HikariPool-1 - Added connection com.mysql.cj.jdbc.ConnectionImpl@4f7ba0af
[INFO ] 2024-12-09 16:43:53.956 [main]  c.z.h.HikariDataSource - HikariPool-1 - Start completed.
[WARN ] 2024-12-09 16:43:54.051 [main]  o.h.d.Dialect - HHH000511: The 5.5.5 version for [org.hibernate.dialect.MySQLDialect] is no longer supported, hence certain features may not work properly. The minimum supported version is 8.0.0. Check the community dialects project for available legacy versions.
[INFO ] 2024-12-09 16:43:55.244 [main]  o.h.e.t.j.p.i.JtaPlatformInitiator - HHH000489: No JTA platform available (set 'hibernate.transaction.jta.platform' to enable JTA platform integration)
[INFO ] 2024-12-09 16:43:55.407 [main]  o.s.o.j.LocalContainerEntityManagerFactoryBean - Initialized JPA EntityManagerFactory for persistence unit 'default'
[WARN ] 2024-12-09 16:43:55.943 [main]  o.s.b.a.o.j.JpaBaseConfiguration$JpaWebConfiguration - spring.jpa.open-in-view is enabled by default. Therefore, database queries may be performed during view rendering. Explicitly configure spring.jpa.open-in-view to disable this warning
[INFO ] 2024-12-09 16:43:55.970 [main]  o.s.s.c.a.a.c.InitializeUserDetailsBeanManagerConfigurer$InitializeUserDetailsManagerConfigurer - Global AuthenticationManager configured with UserDetailsService bean with name customUserDetailsService
[INFO ] 2024-12-09 16:43:56.061 [main]  o.s.b.a.w.s.WelcomePageHandlerMapping - Adding welcome page: class path resource [static/index.html]
[INFO ] 2024-12-09 16:43:56.620 [main]  o.s.b.w.e.t.TomcatWebServer - Tomcat started on port 8080 (http) with context path '/'
[INFO ] 2024-12-09 16:43:56.642 [main]  c.e.r.ReceitasApplication - Started ReceitasApplication in 6.432 seconds (process running for 7.592)
[INFO ] 2024-12-09 16:44:01.467 [http-nio-8080-exec-1]  o.a.c.c.C.[.[.[/] - Initializing Spring DispatcherServlet 'dispatcherServlet'
[INFO ] 2024-12-09 16:44:01.469 [http-nio-8080-exec-1]  o.s.w.s.DispatcherServlet - Initializing Servlet 'dispatcherServlet'
[INFO ] 2024-12-09 16:44:01.472 [http-nio-8080-exec-1]  o.s.w.s.DispatcherServlet - Completed initialization in 1 ms
[WARN ] 2024-12-09 16:44:32.131 [http-nio-8080-exec-8]  o.h.e.j.s.SqlExceptionHelper - SQL Error: 1062, SQLState: 23000
[ERROR] 2024-12-09 16:44:32.131 [http-nio-8080-exec-8]  o.h.e.j.s.SqlExceptionHelper - Duplicate entry 'Mile' for key 'nickname'
[INFO ] 2024-12-09 16:44:32.164 [http-nio-8080-exec-8]  c.e.r.c.UsuarioController - Error al registrar un usuario
[WARN ] 2024-12-09 16:44:34.443 [http-nio-8080-exec-10]  o.h.e.j.s.SqlExceptionHelper - SQL Error: 1062, SQLState: 23000
[ERROR] 2024-12-09 16:44:34.443 [http-nio-8080-exec-10]  o.h.e.j.s.SqlExceptionHelper - Duplicate entry 'Mile' for key 'nickname'
[INFO ] 2024-12-09 16:44:34.452 [http-nio-8080-exec-10]  c.e.r.c.UsuarioController - Error al registrar un usuario
[WARN ] 2024-12-09 16:46:09.796 [http-nio-8080-exec-10]  o.h.e.j.s.SqlExceptionHelper - SQL Error: 1062, SQLState: 23000
[ERROR] 2024-12-09 16:46:09.798 [http-nio-8080-exec-10]  o.h.e.j.s.SqlExceptionHelper - Duplicate entry 'Mile' for key 'nickname'
[INFO ] 2024-12-09 16:46:09.807 [http-nio-8080-exec-10]  c.e.r.c.UsuarioController - Error al registrar un usuario
[INFO ] 2024-12-09 16:48:13.232 [main]  c.e.r.ReceitasApplication - Starting ReceitasApplication using Java 17.0.12 with PID 20104 (C:\Users\Eloy_\OneDrive\Desktop\receitas\receitas\target\classes started by Eloy_ in C:\Users\Eloy_\OneDrive\Desktop\receitas\receitas)
[INFO ] 2024-12-09 16:48:13.249 [main]  c.e.r.ReceitasApplication - No active profile set, falling back to 1 default profile: "default"
[INFO ] 2024-12-09 16:48:14.255 [main]  o.s.d.r.c.RepositoryConfigurationDelegate - Bootstrapping Spring Data JPA repositories in DEFAULT mode.
[INFO ] 2024-12-09 16:48:14.373 [main]  o.s.d.r.c.RepositoryConfigurationDelegate - Finished Spring Data repository scanning in 104 ms. Found 3 JPA repository interfaces.
[INFO ] 2024-12-09 16:48:15.113 [main]  o.s.b.w.e.t.TomcatWebServer - Tomcat initialized with port 8080 (http)
[INFO ] 2024-12-09 16:48:15.129 [main]  o.a.c.c.StandardService - Starting service [Tomcat]
[INFO ] 2024-12-09 16:48:15.130 [main]  o.a.c.c.StandardEngine - Starting Servlet engine: [Apache Tomcat/10.1.30]
[INFO ] 2024-12-09 16:48:15.225 [main]  o.a.c.c.C.[.[.[/] - Initializing Spring embedded WebApplicationContext
[INFO ] 2024-12-09 16:48:15.237 [main]  o.s.b.w.s.c.ServletWebServerApplicationContext - Root WebApplicationContext: initialization completed in 1911 ms
[INFO ] 2024-12-09 16:48:15.478 [main]  o.h.j.i.u.LogHelper - HHH000204: Processing PersistenceUnitInfo [name: default]
[INFO ] 2024-12-09 16:48:15.570 [main]  o.h.Version - HHH000412: Hibernate ORM core version 6.5.3.Final
[INFO ] 2024-12-09 16:48:15.625 [main]  o.h.c.i.RegionFactoryInitiator - HHH000026: Second-level cache disabled
[INFO ] 2024-12-09 16:48:16.056 [main]  o.s.o.j.p.SpringPersistenceUnitInfo - No LoadTimeWeaver setup: ignoring JPA class transformer
[INFO ] 2024-12-09 16:48:16.091 [main]  c.z.h.HikariDataSource - HikariPool-1 - Starting...
[INFO ] 2024-12-09 16:48:16.297 [main]  c.z.h.p.HikariPool - HikariPool-1 - Added connection com.mysql.cj.jdbc.ConnectionImpl@2a99fa07
[INFO ] 2024-12-09 16:48:16.297 [main]  c.z.h.HikariDataSource - HikariPool-1 - Start completed.
[WARN ] 2024-12-09 16:48:16.372 [main]  o.h.d.Dialect - HHH000511: The 5.5.5 version for [org.hibernate.dialect.MySQLDialect] is no longer supported, hence certain features may not work properly. The minimum supported version is 8.0.0. Check the community dialects project for available legacy versions.
[INFO ] 2024-12-09 16:48:17.421 [main]  o.h.e.t.j.p.i.JtaPlatformInitiator - HHH000489: No JTA platform available (set 'hibernate.transaction.jta.platform' to enable JTA platform integration)
[INFO ] 2024-12-09 16:48:17.605 [main]  o.s.o.j.LocalContainerEntityManagerFactoryBean - Initialized JPA EntityManagerFactory for persistence unit 'default'
[WARN ] 2024-12-09 16:48:18.170 [main]  o.s.b.a.o.j.JpaBaseConfiguration$JpaWebConfiguration - spring.jpa.open-in-view is enabled by default. Therefore, database queries may be performed during view rendering. Explicitly configure spring.jpa.open-in-view to disable this warning
[INFO ] 2024-12-09 16:48:18.238 [main]  o.s.s.c.a.a.c.InitializeUserDetailsBeanManagerConfigurer$InitializeUserDetailsManagerConfigurer - Global AuthenticationManager configured with UserDetailsService bean with name customUserDetailsService
[INFO ] 2024-12-09 16:48:18.352 [main]  o.s.b.a.w.s.WelcomePageHandlerMapping - Adding welcome page: class path resource [static/index.html]
[INFO ] 2024-12-09 16:48:19.010 [main]  o.s.b.w.e.t.TomcatWebServer - Tomcat started on port 8080 (http) with context path '/'
[INFO ] 2024-12-09 16:48:19.018 [main]  c.e.r.ReceitasApplication - Started ReceitasApplication in 6.291 seconds (process running for 7.589)
[INFO ] 2024-12-09 16:48:23.884 [http-nio-8080-exec-1]  o.a.c.c.C.[.[.[/] - Initializing Spring DispatcherServlet 'dispatcherServlet'
[INFO ] 2024-12-09 16:48:23.884 [http-nio-8080-exec-1]  o.s.w.s.DispatcherServlet - Initializing Servlet 'dispatcherServlet'
[INFO ] 2024-12-09 16:48:23.884 [http-nio-8080-exec-1]  o.s.w.s.DispatcherServlet - Completed initialization in 0 ms
[WARN ] 2024-12-09 16:49:07.622 [http-nio-8080-exec-6]  o.h.e.j.s.SqlExceptionHelper - SQL Error: 1062, SQLState: 23000
[ERROR] 2024-12-09 16:49:07.622 [http-nio-8080-exec-6]  o.h.e.j.s.SqlExceptionHelper - Duplicate entry 'Rebe' for key 'nickname'
[INFO ] 2024-12-09 16:49:07.654 [http-nio-8080-exec-6]  c.e.r.c.UsuarioController - Error al registrar un usuario
[INFO ] 2024-12-09 16:52:07.256 [main]  c.e.r.ReceitasApplication - Starting ReceitasApplication using Java 17.0.12 with PID 11916 (C:\Users\Eloy_\OneDrive\Desktop\receitas\receitas\target\classes started by Eloy_ in C:\Users\Eloy_\OneDrive\Desktop\receitas\receitas)
[INFO ] 2024-12-09 16:52:07.273 [main]  c.e.r.ReceitasApplication - No active profile set, falling back to 1 default profile: "default"
[INFO ] 2024-12-09 16:52:08.206 [main]  o.s.d.r.c.RepositoryConfigurationDelegate - Bootstrapping Spring Data JPA repositories in DEFAULT mode.
[INFO ] 2024-12-09 16:52:08.320 [main]  o.s.d.r.c.RepositoryConfigurationDelegate - Finished Spring Data repository scanning in 100 ms. Found 3 JPA repository interfaces.
[INFO ] 2024-12-09 16:52:09.168 [main]  o.s.b.w.e.t.TomcatWebServer - Tomcat initialized with port 8080 (http)
[INFO ] 2024-12-09 16:52:09.189 [main]  o.a.c.c.StandardService - Starting service [Tomcat]
[INFO ] 2024-12-09 16:52:09.191 [main]  o.a.c.c.StandardEngine - Starting Servlet engine: [Apache Tomcat/10.1.30]
[INFO ] 2024-12-09 16:52:09.281 [main]  o.a.c.c.C.[.[.[/] - Initializing Spring embedded WebApplicationContext
[INFO ] 2024-12-09 16:52:09.282 [main]  o.s.b.w.s.c.ServletWebServerApplicationContext - Root WebApplicationContext: initialization completed in 1940 ms
[INFO ] 2024-12-09 16:52:09.514 [main]  o.h.j.i.u.LogHelper - HHH000204: Processing PersistenceUnitInfo [name: default]
[INFO ] 2024-12-09 16:52:09.612 [main]  o.h.Version - HHH000412: Hibernate ORM core version 6.5.3.Final
[INFO ] 2024-12-09 16:52:09.686 [main]  o.h.c.i.RegionFactoryInitiator - HHH000026: Second-level cache disabled
[INFO ] 2024-12-09 16:52:10.140 [main]  o.s.o.j.p.SpringPersistenceUnitInfo - No LoadTimeWeaver setup: ignoring JPA class transformer
[INFO ] 2024-12-09 16:52:10.190 [main]  c.z.h.HikariDataSource - HikariPool-1 - Starting...
[INFO ] 2024-12-09 16:52:10.383 [main]  c.z.h.p.HikariPool - HikariPool-1 - Added connection com.mysql.cj.jdbc.ConnectionImpl@98722ef
[INFO ] 2024-12-09 16:52:10.386 [main]  c.z.h.HikariDataSource - HikariPool-1 - Start completed.
[WARN ] 2024-12-09 16:52:10.443 [main]  o.h.d.Dialect - HHH000511: The 5.5.5 version for [org.hibernate.dialect.MySQLDialect] is no longer supported, hence certain features may not work properly. The minimum supported version is 8.0.0. Check the community dialects project for available legacy versions.
[INFO ] 2024-12-09 16:52:11.419 [main]  o.h.e.t.j.p.i.JtaPlatformInitiator - HHH000489: No JTA platform available (set 'hibernate.transaction.jta.platform' to enable JTA platform integration)
[INFO ] 2024-12-09 16:52:11.604 [main]  o.s.o.j.LocalContainerEntityManagerFactoryBean - Initialized JPA EntityManagerFactory for persistence unit 'default'
[WARN ] 2024-12-09 16:52:12.119 [main]  o.s.b.a.o.j.JpaBaseConfiguration$JpaWebConfiguration - spring.jpa.open-in-view is enabled by default. Therefore, database queries may be performed during view rendering. Explicitly configure spring.jpa.open-in-view to disable this warning
[INFO ] 2024-12-09 16:52:12.151 [main]  o.s.s.c.a.a.c.InitializeUserDetailsBeanManagerConfigurer$InitializeUserDetailsManagerConfigurer - Global AuthenticationManager configured with UserDetailsService bean with name customUserDetailsService
[INFO ] 2024-12-09 16:52:12.237 [main]  o.s.b.a.w.s.WelcomePageHandlerMapping - Adding welcome page: class path resource [static/index.html]
[INFO ] 2024-12-09 16:52:12.831 [main]  o.s.b.w.e.t.TomcatWebServer - Tomcat started on port 8080 (http) with context path '/'
[INFO ] 2024-12-09 16:52:12.844 [main]  c.e.r.ReceitasApplication - Started ReceitasApplication in 6.074 seconds (process running for 7.37)
[INFO ] 2024-12-09 16:52:22.170 [http-nio-8080-exec-1]  o.a.c.c.C.[.[.[/] - Initializing Spring DispatcherServlet 'dispatcherServlet'
[INFO ] 2024-12-09 16:52:22.171 [http-nio-8080-exec-1]  o.s.w.s.DispatcherServlet - Initializing Servlet 'dispatcherServlet'
[INFO ] 2024-12-09 16:52:22.172 [http-nio-8080-exec-1]  o.s.w.s.DispatcherServlet - Completed initialization in 1 ms
[WARN ] 2024-12-09 16:52:47.489 [http-nio-8080-exec-5]  o.h.e.j.s.SqlExceptionHelper - SQL Error: 1062, SQLState: 23000
[ERROR] 2024-12-09 16:52:47.489 [http-nio-8080-exec-5]  o.h.e.j.s.SqlExceptionHelper - Duplicate entry 'Rebe' for key 'nickname'
[INFO ] 2024-12-09 16:52:47.523 [http-nio-8080-exec-5]  c.e.r.c.UsuarioController - Error al registrar un usuario
[INFO ] 2024-12-09 16:54:07.648 [main]  c.e.r.ReceitasApplication - Starting ReceitasApplication using Java 17.0.12 with PID 5520 (C:\Users\Eloy_\OneDrive\Desktop\receitas\receitas\target\classes started by Eloy_ in C:\Users\Eloy_\OneDrive\Desktop\receitas\receitas)
[INFO ] 2024-12-09 16:54:07.662 [main]  c.e.r.ReceitasApplication - No active profile set, falling back to 1 default profile: "default"
[INFO ] 2024-12-09 16:54:08.514 [main]  o.s.d.r.c.RepositoryConfigurationDelegate - Bootstrapping Spring Data JPA repositories in DEFAULT mode.
[INFO ] 2024-12-09 16:54:08.624 [main]  o.s.d.r.c.RepositoryConfigurationDelegate - Finished Spring Data repository scanning in 84 ms. Found 3 JPA repository interfaces.
[INFO ] 2024-12-09 16:54:09.321 [main]  o.s.b.w.e.t.TomcatWebServer - Tomcat initialized with port 8080 (http)
[INFO ] 2024-12-09 16:54:09.344 [main]  o.a.c.c.StandardService - Starting service [Tomcat]
[INFO ] 2024-12-09 16:54:09.345 [main]  o.a.c.c.StandardEngine - Starting Servlet engine: [Apache Tomcat/10.1.30]
[INFO ] 2024-12-09 16:54:09.438 [main]  o.a.c.c.C.[.[.[/] - Initializing Spring embedded WebApplicationContext
[INFO ] 2024-12-09 16:54:09.445 [main]  o.s.b.w.s.c.ServletWebServerApplicationContext - Root WebApplicationContext: initialization completed in 1731 ms
[INFO ] 2024-12-09 16:54:09.821 [main]  o.h.j.i.u.LogHelper - HHH000204: Processing PersistenceUnitInfo [name: default]
[INFO ] 2024-12-09 16:54:09.939 [main]  o.h.Version - HHH000412: Hibernate ORM core version 6.5.3.Final
[INFO ] 2024-12-09 16:54:10.013 [main]  o.h.c.i.RegionFactoryInitiator - HHH000026: Second-level cache disabled
[INFO ] 2024-12-09 16:54:10.475 [main]  o.s.o.j.p.SpringPersistenceUnitInfo - No LoadTimeWeaver setup: ignoring JPA class transformer
[INFO ] 2024-12-09 16:54:10.514 [main]  c.z.h.HikariDataSource - HikariPool-1 - Starting...
[INFO ] 2024-12-09 16:54:10.706 [main]  c.z.h.p.HikariPool - HikariPool-1 - Added connection com.mysql.cj.jdbc.ConnectionImpl@4182a651
[INFO ] 2024-12-09 16:54:10.710 [main]  c.z.h.HikariDataSource - HikariPool-1 - Start completed.
[WARN ] 2024-12-09 16:54:10.780 [main]  o.h.d.Dialect - HHH000511: The 5.5.5 version for [org.hibernate.dialect.MySQLDialect] is no longer supported, hence certain features may not work properly. The minimum supported version is 8.0.0. Check the community dialects project for available legacy versions.
[INFO ] 2024-12-09 16:54:11.819 [main]  o.h.e.t.j.p.i.JtaPlatformInitiator - HHH000489: No JTA platform available (set 'hibernate.transaction.jta.platform' to enable JTA platform integration)
[INFO ] 2024-12-09 16:54:12.005 [main]  o.s.o.j.LocalContainerEntityManagerFactoryBean - Initialized JPA EntityManagerFactory for persistence unit 'default'
[WARN ] 2024-12-09 16:54:12.594 [main]  o.s.b.a.o.j.JpaBaseConfiguration$JpaWebConfiguration - spring.jpa.open-in-view is enabled by default. Therefore, database queries may be performed during view rendering. Explicitly configure spring.jpa.open-in-view to disable this warning
[INFO ] 2024-12-09 16:54:12.645 [main]  o.s.s.c.a.a.c.InitializeUserDetailsBeanManagerConfigurer$InitializeUserDetailsManagerConfigurer - Global AuthenticationManager configured with UserDetailsService bean with name customUserDetailsService
[INFO ] 2024-12-09 16:54:12.754 [main]  o.s.b.a.w.s.WelcomePageHandlerMapping - Adding welcome page: class path resource [static/index.html]
[INFO ] 2024-12-09 16:54:13.304 [main]  o.s.b.w.e.t.TomcatWebServer - Tomcat started on port 8080 (http) with context path '/'
[INFO ] 2024-12-09 16:54:13.318 [main]  c.e.r.ReceitasApplication - Started ReceitasApplication in 6.139 seconds (process running for 7.265)
[INFO ] 2024-12-09 16:54:23.892 [http-nio-8080-exec-1]  o.a.c.c.C.[.[.[/] - Initializing Spring DispatcherServlet 'dispatcherServlet'
[INFO ] 2024-12-09 16:54:23.892 [http-nio-8080-exec-1]  o.s.w.s.DispatcherServlet - Initializing Servlet 'dispatcherServlet'
[INFO ] 2024-12-09 16:54:23.896 [http-nio-8080-exec-1]  o.s.w.s.DispatcherServlet - Completed initialization in 4 ms
[WARN ] 2024-12-09 16:55:03.910 [http-nio-8080-exec-5]  o.h.e.j.s.SqlExceptionHelper - SQL Error: 1062, SQLState: 23000
[ERROR] 2024-12-09 16:55:03.910 [http-nio-8080-exec-5]  o.h.e.j.s.SqlExceptionHelper - Duplicate entry 'Mile' for key 'nickname'
[INFO ] 2024-12-09 16:55:03.944 [http-nio-8080-exec-5]  c.e.r.c.UsuarioController - Error al registrar un usuario
[INFO ] 2024-12-09 18:37:31.586 [main]  c.e.r.ReceitasApplication - Starting ReceitasApplication using Java 17.0.12 with PID 19768 (C:\Users\Eloy_\OneDrive\Desktop\receitas\receitas\target\classes started by Eloy_ in C:\Users\Eloy_\OneDrive\Desktop\receitas\receitas)
[INFO ] 2024-12-09 18:37:31.604 [main]  c.e.r.ReceitasApplication - No active profile set, falling back to 1 default profile: "default"
[INFO ] 2024-12-09 18:37:32.839 [main]  o.s.d.r.c.RepositoryConfigurationDelegate - Bootstrapping Spring Data JPA repositories in DEFAULT mode.
[INFO ] 2024-12-09 18:37:32.942 [main]  o.s.d.r.c.RepositoryConfigurationDelegate - Finished Spring Data repository scanning in 93 ms. Found 3 JPA repository interfaces.
[INFO ] 2024-12-09 18:37:33.825 [main]  o.s.b.w.e.t.TomcatWebServer - Tomcat initialized with port 8080 (http)
[INFO ] 2024-12-09 18:37:33.851 [main]  o.a.c.c.StandardService - Starting service [Tomcat]
[INFO ] 2024-12-09 18:37:33.856 [main]  o.a.c.c.StandardEngine - Starting Servlet engine: [Apache Tomcat/10.1.30]
[INFO ] 2024-12-09 18:37:33.969 [main]  o.a.c.c.C.[.[.[/] - Initializing Spring embedded WebApplicationContext
[INFO ] 2024-12-09 18:37:33.977 [main]  o.s.b.w.s.c.ServletWebServerApplicationContext - Root WebApplicationContext: initialization completed in 2291 ms
[INFO ] 2024-12-09 18:37:34.330 [main]  o.h.j.i.u.LogHelper - HHH000204: Processing PersistenceUnitInfo [name: default]
[INFO ] 2024-12-09 18:37:34.460 [main]  o.h.Version - HHH000412: Hibernate ORM core version 6.5.3.Final
[INFO ] 2024-12-09 18:37:34.547 [main]  o.h.c.i.RegionFactoryInitiator - HHH000026: Second-level cache disabled
[INFO ] 2024-12-09 18:37:35.082 [main]  o.s.o.j.p.SpringPersistenceUnitInfo - No LoadTimeWeaver setup: ignoring JPA class transformer
[INFO ] 2024-12-09 18:37:35.139 [main]  c.z.h.HikariDataSource - HikariPool-1 - Starting...
[INFO ] 2024-12-09 18:37:37.759 [main]  c.z.h.p.HikariPool - HikariPool-1 - Added connection com.mysql.cj.jdbc.ConnectionImpl@2adc1e84
[INFO ] 2024-12-09 18:37:37.777 [main]  c.z.h.HikariDataSource - HikariPool-1 - Start completed.
[WARN ] 2024-12-09 18:37:37.882 [main]  o.h.d.Dialect - HHH000511: The 5.5.5 version for [org.hibernate.dialect.MySQLDialect] is no longer supported, hence certain features may not work properly. The minimum supported version is 8.0.0. Check the community dialects project for available legacy versions.
[INFO ] 2024-12-09 18:37:39.193 [main]  o.h.e.t.j.p.i.JtaPlatformInitiator - HHH000489: No JTA platform available (set 'hibernate.transaction.jta.platform' to enable JTA platform integration)
[INFO ] 2024-12-09 18:37:39.585 [main]  o.s.o.j.LocalContainerEntityManagerFactoryBean - Initialized JPA EntityManagerFactory for persistence unit 'default'
[WARN ] 2024-12-09 18:37:40.390 [main]  o.s.b.a.o.j.JpaBaseConfiguration$JpaWebConfiguration - spring.jpa.open-in-view is enabled by default. Therefore, database queries may be performed during view rendering. Explicitly configure spring.jpa.open-in-view to disable this warning
[INFO ] 2024-12-09 18:37:40.448 [main]  o.s.s.c.a.a.c.InitializeUserDetailsBeanManagerConfigurer$InitializeUserDetailsManagerConfigurer - Global AuthenticationManager configured with UserDetailsService bean with name customUserDetailsService
[INFO ] 2024-12-09 18:37:40.641 [main]  o.s.b.a.w.s.WelcomePageHandlerMapping - Adding welcome page: class path resource [static/index.html]
[INFO ] 2024-12-09 18:37:41.551 [main]  o.s.b.w.e.t.TomcatWebServer - Tomcat started on port 8080 (http) with context path '/'
[INFO ] 2024-12-09 18:37:41.573 [main]  c.e.r.ReceitasApplication - Started ReceitasApplication in 10.55 seconds (process running for 11.889)
[INFO ] 2024-12-09 18:38:08.161 [http-nio-8080-exec-1]  o.a.c.c.C.[.[.[/] - Initializing Spring DispatcherServlet 'dispatcherServlet'
[INFO ] 2024-12-09 18:38:08.161 [http-nio-8080-exec-1]  o.s.w.s.DispatcherServlet - Initializing Servlet 'dispatcherServlet'
[INFO ] 2024-12-09 18:38:08.161 [http-nio-8080-exec-1]  o.s.w.s.DispatcherServlet - Completed initialization in 0 ms
[INFO ] 2024-12-09 18:38:33.109 [http-nio-8080-exec-1]  c.e.r.c.UsuarioController - Usuario no antenticado
[INFO ] 2024-12-09 18:38:33.156 [http-nio-8080-exec-7]  c.e.r.c.RecipeController - Recetas listadas y paginadas
[WARN ] 2024-12-09 18:38:33.847 [http-nio-8080-exec-7]  o.s.d.w.c.SpringDataJacksonConfiguration$PageModule$WarningLoggingModifier - Serializing PageImpl instances as-is is not supported, meaning that there is no guarantee about the stability of the resulting JSON structure!
	For a stable JSON structure, please use Spring Data's PagedModel (globally via @EnableSpringDataWebSupport(pageSerializationMode = VIA_DTO))
	or Spring HATEOAS and Spring Data's PagedResourcesAssembler as documented in https://docs.spring.io/spring-data/commons/reference/repositories/core-extensions.html#core.web.pageables.

[INFO ] 2024-12-09 18:38:33.923 [http-nio-8080-exec-3]  c.e.r.c.UsuarioController - Usuario no antenticado
[INFO ] 2024-12-09 18:38:33.935 [http-nio-8080-exec-2]  c.e.r.c.UsuarioController - Usuario no antenticado
[INFO ] 2024-12-09 18:38:41.748 [http-nio-8080-exec-10]  c.e.r.c.RecipeController - receta - Macarrones gratinados
[INFO ] 2024-12-09 18:39:02.198 [http-nio-8080-exec-4]  c.e.r.c.RecipeController - receta - Macarrones gratinados
[INFO ] 2024-12-09 18:39:17.828 [http-nio-8080-exec-7]  c.e.r.c.RecipeController - receta - Salmn al horno
[INFO ] 2024-12-09 18:39:25.450 [http-nio-8080-exec-1]  c.e.r.c.RecipeController - receta - Empanada gallega de bacalo
[INFO ] 2024-12-09 18:39:34.096 [http-nio-8080-exec-2]  c.e.r.c.RecipeController - receta - Macarrones gratinados
[INFO ] 2024-12-09 18:49:14.171 [main]  c.e.r.ReceitasApplication - Starting ReceitasApplication using Java 17.0.12 with PID 19560 (C:\Users\Eloy_\OneDrive\Desktop\receitas\receitas\target\classes started by Eloy_ in C:\Users\Eloy_\OneDrive\Desktop\receitas\receitas)
[INFO ] 2024-12-09 18:49:14.191 [main]  c.e.r.ReceitasApplication - No active profile set, falling back to 1 default profile: "default"
[INFO ] 2024-12-09 18:49:15.416 [main]  o.s.d.r.c.RepositoryConfigurationDelegate - Bootstrapping Spring Data JPA repositories in DEFAULT mode.
[INFO ] 2024-12-09 18:49:15.517 [main]  o.s.d.r.c.RepositoryConfigurationDelegate - Finished Spring Data repository scanning in 87 ms. Found 3 JPA repository interfaces.
[INFO ] 2024-12-09 18:49:16.621 [main]  o.s.b.w.e.t.TomcatWebServer - Tomcat initialized with port 8080 (http)
[INFO ] 2024-12-09 18:49:16.654 [main]  o.a.c.c.StandardService - Starting service [Tomcat]
[INFO ] 2024-12-09 18:49:16.656 [main]  o.a.c.c.StandardEngine - Starting Servlet engine: [Apache Tomcat/10.1.30]
[INFO ] 2024-12-09 18:49:16.795 [main]  o.a.c.c.C.[.[.[/] - Initializing Spring embedded WebApplicationContext
[INFO ] 2024-12-09 18:49:16.797 [main]  o.s.b.w.s.c.ServletWebServerApplicationContext - Root WebApplicationContext: initialization completed in 2526 ms
[INFO ] 2024-12-09 18:49:17.176 [main]  o.h.j.i.u.LogHelper - HHH000204: Processing PersistenceUnitInfo [name: default]
[INFO ] 2024-12-09 18:49:17.332 [main]  o.h.Version - HHH000412: Hibernate ORM core version 6.5.3.Final
[INFO ] 2024-12-09 18:49:17.478 [main]  o.h.c.i.RegionFactoryInitiator - HHH000026: Second-level cache disabled
[INFO ] 2024-12-09 18:49:18.539 [main]  o.s.o.j.p.SpringPersistenceUnitInfo - No LoadTimeWeaver setup: ignoring JPA class transformer
[INFO ] 2024-12-09 18:49:18.602 [main]  c.z.h.HikariDataSource - HikariPool-1 - Starting...
[INFO ] 2024-12-09 18:49:18.859 [main]  c.z.h.p.HikariPool - HikariPool-1 - Added connection com.mysql.cj.jdbc.ConnectionImpl@2cc34cd5
[INFO ] 2024-12-09 18:49:18.862 [main]  c.z.h.HikariDataSource - HikariPool-1 - Start completed.
[WARN ] 2024-12-09 18:49:18.949 [main]  o.h.d.Dialect - HHH000511: The 5.5.5 version for [org.hibernate.dialect.MySQLDialect] is no longer supported, hence certain features may not work properly. The minimum supported version is 8.0.0. Check the community dialects project for available legacy versions.
[INFO ] 2024-12-09 18:49:20.356 [main]  o.h.e.t.j.p.i.JtaPlatformInitiator - HHH000489: No JTA platform available (set 'hibernate.transaction.jta.platform' to enable JTA platform integration)
[INFO ] 2024-12-09 18:49:20.576 [main]  o.s.o.j.LocalContainerEntityManagerFactoryBean - Initialized JPA EntityManagerFactory for persistence unit 'default'
[WARN ] 2024-12-09 18:49:21.187 [main]  o.s.b.a.o.j.JpaBaseConfiguration$JpaWebConfiguration - spring.jpa.open-in-view is enabled by default. Therefore, database queries may be performed during view rendering. Explicitly configure spring.jpa.open-in-view to disable this warning
[INFO ] 2024-12-09 18:49:21.245 [main]  o.s.s.c.a.a.c.InitializeUserDetailsBeanManagerConfigurer$InitializeUserDetailsManagerConfigurer - Global AuthenticationManager configured with UserDetailsService bean with name customUserDetailsService
[INFO ] 2024-12-09 18:49:21.406 [main]  o.s.b.a.w.s.WelcomePageHandlerMapping - Adding welcome page: class path resource [static/index.html]
[INFO ] 2024-12-09 18:49:22.259 [main]  o.s.b.w.e.t.TomcatWebServer - Tomcat started on port 8080 (http) with context path '/'
[INFO ] 2024-12-09 18:49:22.274 [main]  c.e.r.ReceitasApplication - Started ReceitasApplication in 8.596 seconds (process running for 9.844)
[INFO ] 2024-12-09 18:49:29.176 [http-nio-8080-exec-1]  o.a.c.c.C.[.[.[/] - Initializing Spring DispatcherServlet 'dispatcherServlet'
[INFO ] 2024-12-09 18:49:29.176 [http-nio-8080-exec-1]  o.s.w.s.DispatcherServlet - Initializing Servlet 'dispatcherServlet'
[INFO ] 2024-12-09 18:49:29.176 [http-nio-8080-exec-1]  o.s.w.s.DispatcherServlet - Completed initialization in 0 ms
[INFO ] 2024-12-09 18:49:36.371 [http-nio-8080-exec-6]  c.e.r.c.UsuarioController - Usuario no antenticado
[INFO ] 2024-12-09 18:49:36.456 [http-nio-8080-exec-7]  c.e.r.c.RecipeController - Recetas listadas y paginadas
[WARN ] 2024-12-09 18:49:37.176 [http-nio-8080-exec-7]  o.s.d.w.c.SpringDataJacksonConfiguration$PageModule$WarningLoggingModifier - Serializing PageImpl instances as-is is not supported, meaning that there is no guarantee about the stability of the resulting JSON structure!
	For a stable JSON structure, please use Spring Data's PagedModel (globally via @EnableSpringDataWebSupport(pageSerializationMode = VIA_DTO))
	or Spring HATEOAS and Spring Data's PagedResourcesAssembler as documented in https://docs.spring.io/spring-data/commons/reference/repositories/core-extensions.html#core.web.pageables.

[INFO ] 2024-12-09 18:49:37.261 [http-nio-8080-exec-10]  c.e.r.c.UsuarioController - Usuario no antenticado
[INFO ] 2024-12-09 18:49:37.277 [http-nio-8080-exec-1]  c.e.r.c.UsuarioController - Usuario no antenticado
[INFO ] 2024-12-09 18:49:42.593 [http-nio-8080-exec-10]  c.e.r.c.RecipeController - receta - Macarrones gratinados
[INFO ] 2024-12-09 18:49:50.426 [http-nio-8080-exec-6]  c.e.r.c.RecipeController - receta - Hamburguesa completa
[INFO ] 2024-12-09 18:49:55.730 [http-nio-8080-exec-9]  c.e.r.c.RecipeController - receta - Tortilla rellena de jamn
[INFO ] 2024-12-09 18:50:03.385 [http-nio-8080-exec-5]  c.e.r.c.RecipeController - receta - Macarrones gratinados
[INFO ] 2024-12-09 18:50:09.048 [http-nio-8080-exec-8]  c.e.r.c.RecipeController - receta - Macarrones gratinados
[INFO ] 2024-12-09 18:50:15.617 [http-nio-8080-exec-4]  c.e.r.c.RecipeController - receta - Hamburguesa completa
[INFO ] 2024-12-09 18:50:18.602 [http-nio-8080-exec-10]  c.e.r.c.RecipeController - receta - Salmn al horno
